app/build/outputs/mapping/release/seeds.txt
com.rhinodesktop.foreorder_golf_consumer1.receivers.ForeOrderLocationReceiver
com.rhinodesktop.foreorder_golf_consumer1.utils.FixAppBarLayoutBehavior
com.rhinodesktop.foreorder_golf_consumer1.managers.LinearLayoutManagerWithSmoothScroller
com.rhinodesktop.foreorder_golf_consumer1.views.BlueCheckboxButton
com.rhinodesktop.foreorder_golf_consumer1.utils.ForeOrderApp
com.rhinodesktop.foreorder_golf_consumer1.views.CropImageView
com.rhinodesktop.foreorder_golf_consumer1.views.JumpNavButton
com.rhinodesktop.foreorder_golf_consumer1.views.CustomTabLayout
com.rhinodesktop.foreorder_golf_consumer1.activities.OrderItemActivity
com.rhinodesktop.foreorder_golf_consumer1.views.VerifyPinLayout
com.rhinodesktop.foreorder_golf_consumer1.activities.LoginActivity
com.rhinodesktop.foreorder_golf_consumer1.activities.MainActivity
com.rhinodesktop.foreorder_golf_consumer1.views.ToggleSwipingPageViewer
com.rhinodesktop.foreorder_golf_consumer1.activities.MembershipActivity
com.rhinodesktop.foreorder_golf_consumer1.activities.CheckoutActivity
com.rhinodesktop.foreorder_golf_consumer1.activities.LoginActivity: void login(android.view.View)
com.rhinodesktop.foreorder_golf_consumer1.models.enums.PhotoUploadOption: com.rhinodesktop.foreorder_golf_consumer1.models.enums.PhotoUploadOption[] values()
com.rhinodesktop.foreorder_golf_consumer1.models.enums.DrawerToolbarType: com.rhinodesktop.foreorder_golf_consumer1.models.enums.DrawerToolbarType valueOf(java.lang.String)
com.rhinodesktop.foreorder_golf_consumer1.events.PasswordResetEvent$PasswordResetCallbackCode: com.rhinodesktop.foreorder_golf_consumer1.events.PasswordResetEvent$PasswordResetCallbackCode valueOf(java.lang.String)
com.rhinodesktop.foreorder_golf_consumer1.activities.MembershipActivity: MembershipActivity()
com.rhinodesktop.foreorder_golf_consumer1.activities.CheckoutActivity: CheckoutActivity()
com.rhinodesktop.foreorder_golf_consumer1.views.BlueCheckboxButton: BlueCheckboxButton(android.content.Context,android.util.AttributeSet)
com.rhinodesktop.foreorder_golf_consumer1.views.ToggleSwipingPageViewer: ToggleSwipingPageViewer(android.content.Context,android.util.AttributeSet)
com.rhinodesktop.foreorder_golf_consumer1.activities.StandardToolbarActivity$ToolbarType: com.rhinodesktop.foreorder_golf_consumer1.activities.StandardToolbarActivity$ToolbarType[] values()
com.rhinodesktop.foreorder_golf_consumer1.activities.DrawerAppBarActivity: DrawerAppBarActivity()
com.rhinodesktop.foreorder_golf_consumer1.views.CustomTabLayout: void setupWithViewPager(androidx.viewpager.widget.ViewPager)
com.rhinodesktop.foreorder_golf_consumer1.utils.FixAppBarLayoutBehavior: FixAppBarLayoutBehavior()
com.rhinodesktop.foreorder_golf_consumer1.views.VerifyPinLayout: VerifyPinLayout(android.content.Context,android.util.AttributeSet)
com.rhinodesktop.foreorder_golf_consumer1.activities.LoginActivity: void useEmailLogin(android.view.View)
com.rhinodesktop.foreorder_golf_consumer1.activities.TrackUserLocationActivity: TrackUserLocationActivity()
com.rhinodesktop.foreorder_golf_consumer1.views.JumpToTypeLayout: void setItemTypeNameTextView(java.lang.String)
com.rhinodesktop.foreorder_golf_consumer1.models.enums.TimeBetweenLocationUpdates: com.rhinodesktop.foreorder_golf_consumer1.models.enums.TimeBetweenLocationUpdates[] values()
com.rhinodesktop.foreorder_golf_consumer1.models.enums.DrawerToolbarType: com.rhinodesktop.foreorder_golf_consumer1.models.enums.DrawerToolbarType[] values()
com.rhinodesktop.foreorder_golf_consumer1.activities.OrderItemAppBarActivity: OrderItemAppBarActivity()
com.rhinodesktop.foreorder_golf_consumer1.activities.LoginActivity: void forgotPassword(android.view.View)
com.rhinodesktop.foreorder_golf_consumer1.activities.LoginActivity: void createAccount(android.view.View)
com.rhinodesktop.foreorder_golf_consumer1.activities.StandardToolbarActivity$ToolbarType: com.rhinodesktop.foreorder_golf_consumer1.activities.StandardToolbarActivity$ToolbarType valueOf(java.lang.String)
...
me.zhanghai.android.materialprogressbar.R$style: int Base_Widget_AppCompat_RatingBar
me.zhanghai.android.materialprogressbar.R$styleable: int LinearLayoutCompat_showDividers
me.zhanghai.android.materialprogressbar.R$style: int Widget_AppCompat_ActionButton_Overflow
me.zhanghai.android.materialprogressbar.IndeterminateCircularProgressDrawable: me.zhanghai.android.materialprogressbar.IndeterminateCircularProgressDrawable$RingPathTransform mRingPathTransform
me.zhanghai.android.materialprogressbar.R$styleable: int ColorStateListItem_android_lStar
me.zhanghai.android.materialprogressbar.R$attr: int buttonBarNegativeButtonStyle
me.zhanghai.android.materialprogressbar.R$style: int Widget_AppCompat_ListMenuView
me.zhanghai.android.materialprogressbar.R$style: int Widget_AppCompat_Light_SearchView
me.zhanghai.android.materialprogressbar.R$styleable: int FontFamily_fontProviderCerts
me.zhanghai.android.materialprogressbar.R$style: int Widget_AppCompat_SeekBar
me.zhanghai.android.materialprogressbar.R$id: int submit_area
me.zhanghai.android.materialprogressbar.R$style: int TextAppearance_AppCompat_Body2
me.zhanghai.android.materialprogressbar.R$dimen: int tooltip_margin
me.zhanghai.android.materialprogressbar.R$styleable: int SwitchCompat_thumbTextPadding
me.zhanghai.android.materialprogressbar.R$id: int italic
me.zhanghai.android.materialprogressbar.R$style: int AlertDialog_AppCompat_Light
me.zhanghai.android.materialprogressbar.R$id: int time
me.zhanghai.android.materialprogressbar.BuildConfig: java.lang.String BUILD_TYPE
org.joda.time.DurationFieldType: long serialVersionUID
me.zhanghai.android.materialprogressbar.R$attr: int maxButtonHeight
me.zhanghai.android.materialprogressbar.R$styleable: int AppCompatTheme_controlBackground
me.zhanghai.android.materialprogressbar.R$styleable: int Spinner_android_popupBackground
me.zhanghai.android.materialprogressbar.R$attr: int fontProviderFetchTimeout
com.google.android.material.internal.CheckableImageButton$SavedState: android.os.Parcelable$Creator CREATOR
me.zhanghai.android.materialprogressbar.MaterialProgressBar$TintInfo: android.graphics.PorterDuff$Mode mIndeterminateTintMode
me.zhanghai.android.materialprogressbar.R$style: int Widget_AppCompat_RatingBar
me.zhanghai.android.materialprogressbar.R$styleable: int AppCompatTheme_actionMenuTextAppearance
me.zhanghai.android.materialprogressbar.R$style: int Base_TextAppearance_AppCompat_SearchResult_Subtitle
com.onesignal.JobIntentService$JobServiceEngineImpl: boolean DEBUG
me.zhanghai.android.materialprogressbar.R$attr: int seekBarStyle
me.zhanghai.android.materialprogressbar.R$styleable: int TextAppearance_android_textStyle
me.zhanghai.android.materialprogressbar.R$style: int ThemeOverlay_AppCompat
me.zhanghai.android.materialprogressbar.R$attr: int fontProviderFetchStrategy
me.zhanghai.android.materialprogressbar.BaseProgressLayerDrawable: me.zhanghai.android.materialprogressbar.IntrinsicPaddingDrawable mSecondaryProgressDrawable
me.zhanghai.android.materialprogressbar.R$styleable: int AppCompatTheme_buttonBarButtonStyle
me.zhanghai.android.materialprogressbar.R$attr: int subtitleTextColor
me.zhanghai.android.materialprogressbar.R$attr: int mpb_indeterminateTint
kotlinx.coroutines.android.HandlerContext: kotlinx.coroutines.android.HandlerContext _immediate
com.onesignal.JobIntentService$CompatWorkItem: int mStartId
com.google.android.gms.internal.location.zzg: android.os.Parcelable$Creator CREATOR
me.zhanghai.android.materialprogressbar.R$styleable: int AppCompatTheme_windowActionModeOverlay
me.zhanghai.android.materialprogressbar.R$style: int Base_TextAppearance_AppCompat_Light_Widget_PopupMenu_Small
com.amazonaws.services.s3.model.UploadPartRequest: long serialVersionUID
me.zhanghai.android.materialprogressbar.R$attr: int mpb_indeterminateTintMode
me.zhanghai.android.materialprogressbar.R$dimen: int abc_text_size_menu_header_material
kotlinx.coroutines.scheduling.WorkQueue: java.lang.Object lastScheduledTask