app/build/outputs/mapping/release/mapping.txt
# compiler: R8
# compiler_version: 3.0.76
# min_api: 21
# pg_map_id: 5fe3798
# common_typos_disable
com.rhinodesktop.foreorder_golf_consumer1.activities.AppBarActivity -> y8.a:
    java.lang.String getTitleForToolbar() -> t0
    void initTitleView() -> u0
    void initToolbar() -> v0
com.rhinodesktop.foreorder_golf_consumer1.activities.CheckoutActivity -> com.rhinodesktop.foreorder_golf_consumer1.activities.CheckoutActivity:
    io.realm.Realm mRealm -> O
    android.widget.TextView totalPriceTextView -> P
    android.widget.RelativeLayout placeOrderLayout -> Q
    com.google.android.gms.maps.GoogleMap mMap -> R
    void initRecyclerView() -> A0
    void initTotalPriceTextView() -> B0
    void initViews() -> C0
    void placeOrderClicked() -> D0
    void setTotalPriceTextView() -> E0
    void onMapReady(com.google.android.gms.maps.GoogleMap) -> f
    void access$400(com.rhinodesktop.foreorder_golf_consumer1.activities.CheckoutActivity) -> w0
    void connectToMaps() -> x0
    void enableMyLocation() -> y0
    void initPlaceOrderButton() -> z0
com.rhinodesktop.foreorder_golf_consumer1.activities.CheckoutActivity$3 -> com.rhinodesktop.foreorder_golf_consumer1.activities.CheckoutActivity$a:
    com.rhinodesktop.foreorder_golf_consumer1.activities.CheckoutActivity this$0 -> f
com.rhinodesktop.foreorder_golf_consumer1.activities.CheckoutAppBarActivity -> y8.b:
    java.lang.String getTitleForToolbar() -> t0
    void initToolbar() -> v0
com.rhinodesktop.foreorder_golf_consumer1.activities.DrawerAppBarActivity -> y8.c:
    androidx.drawerlayout.widget.DrawerLayout drawer -> P
    com.google.android.material.appbar.AppBarLayout appBarLayout -> T
    io.realm.Realm mRealm -> O
    com.rhinodesktop.foreorder_golf_consumer1.utils.imagecaptureutils.ImageCaptureUtils imageCaptureUtils -> S
    com.rhinodesktop.foreorder_golf_consumer1.views.JumpNavButton jumpNavButton -> Q
    android.widget.ImageView profileImageView -> R
    java.lang.String mCurrentClubName -> U
    void initMenuListAppBar() -> A0
    void initProfileImage() -> B0
    void initProfileImageClickListener() -> C0
    void initTitleOffsetListenerForCourse() -> D0
    void initTitleOffsetListenerForMenu() -> E0
    void initToolbar(com.rhinodesktop.foreorder_golf_consumer1.models.enums.DrawerToolbarType) -> F0
    void loadProfileImage() -> G0
    void setLegalDocLinks() -> H0
    void showCourseButtons() -> I0
    void initToolbarView() -> d0
    androidx.drawerlayout.widget.DrawerLayout access$000(com.rhinodesktop.foreorder_golf_consumer1.activities.DrawerAppBarActivity) -> t0
    com.rhinodesktop.foreorder_golf_consumer1.utils.imagecaptureutils.ImageCaptureUtils access$100(com.rhinodesktop.foreorder_golf_consumer1.activities.DrawerAppBarActivity) -> u0
    void hideCourseButtons() -> v0
    void initCourseListAppBar() -> w0
    void initCustomHamburgerIcon() -> x0
    void initDrawerViews() -> y0
    void initLogoutButton() -> z0
com.rhinodesktop.foreorder_golf_consumer1.activities.DrawerAppBarActivity$1 -> y8.c$a:
    com.rhinodesktop.foreorder_golf_consumer1.activities.DrawerAppBarActivity this$0 -> f
com.rhinodesktop.foreorder_golf_consumer1.activities.DrawerAppBarActivity$2 -> y8.c$b:
    com.rhinodesktop.foreorder_golf_consumer1.activities.DrawerAppBarActivity this$0 -> f
com.rhinodesktop.foreorder_golf_consumer1.activities.DrawerAppBarActivity$3 -> y8.c$c:
    com.rhinodesktop.foreorder_golf_consumer1.activities.DrawerAppBarActivity this$0 -> f
com.rhinodesktop.foreorder_golf_consumer1.activities.DrawerAppBarActivity$4 -> y8.c$d:
    com.rhinodesktop.foreorder_golf_consumer1.activities.DrawerAppBarActivity this$0 -> f
com.rhinodesktop.foreorder_golf_consumer1.activities.DrawerAppBarActivity$5 -> y8.c$e:
    com.rhinodesktop.foreorder_golf_consumer1.activities.DrawerAppBarActivity this$0 -> f
com.rhinodesktop.foreorder_golf_consumer1.activities.DrawerAppBarActivity$6 -> y8.c$f:
    com.rhinodesktop.foreorder_golf_consumer1.activities.DrawerAppBarActivity this$0 -> f
...
androidx.lifecycle.EmptyActivityLifecycleCallbacks -> androidx.lifecycle.d:
androidx.lifecycle.FullLifecycleObserver -> androidx.lifecycle.e:
    void onResume(androidx.lifecycle.LifecycleOwner) -> a
    void onDestroy(androidx.lifecycle.LifecycleOwner) -> b
    void onCreate(androidx.lifecycle.LifecycleOwner) -> c
    void onPause(androidx.lifecycle.LifecycleOwner) -> e
    void onStart(androidx.lifecycle.LifecycleOwner) -> f
    void onStop(androidx.lifecycle.LifecycleOwner) -> g
androidx.lifecycle.FullLifecycleObserverAdapter -> androidx.lifecycle.FullLifecycleObserverAdapter:
    androidx.lifecycle.FullLifecycleObserver mFullLifecycleObserver -> a
    androidx.lifecycle.LifecycleEventObserver mLifecycleEventObserver -> b
    void onStateChanged(androidx.lifecycle.LifecycleOwner,androidx.lifecycle.Lifecycle$Event) -> d
androidx.lifecycle.FullLifecycleObserverAdapter$1 -> androidx.lifecycle.FullLifecycleObserverAdapter$a:
    int[] $SwitchMap$androidx$lifecycle$Lifecycle$Event -> a
androidx.lifecycle.GeneratedAdapter -> androidx.lifecycle.f:
    void callMethods(androidx.lifecycle.LifecycleOwner,androidx.lifecycle.Lifecycle$Event,boolean,androidx.lifecycle.MethodCallsLogger) -> a
androidx.lifecycle.HasDefaultViewModelProviderFactory -> androidx.lifecycle.h:
    androidx.lifecycle.viewmodel.CreationExtras getDefaultViewModelCreationExtras() -> k
androidx.lifecycle.HasDefaultViewModelProviderFactory$-CC -> androidx.lifecycle.g:
    androidx.lifecycle.viewmodel.CreationExtras androidx.lifecycle.HasDefaultViewModelProviderFactory.getDefaultViewModelCreationExtras() -> a
androidx.lifecycle.LegacySavedStateHandleController -> androidx.lifecycle.LegacySavedStateHandleController:
    void attachHandleIfNeeded(androidx.lifecycle.ViewModel,androidx.savedstate.SavedStateRegistry,androidx.lifecycle.Lifecycle) -> a
    void tryToAddRecreator(androidx.savedstate.SavedStateRegistry,androidx.lifecycle.Lifecycle) -> b
androidx.lifecycle.LegacySavedStateHandleController$1 -> androidx.lifecycle.LegacySavedStateHandleController$1:
    androidx.lifecycle.Lifecycle val$lifecycle -> a
    androidx.savedstate.SavedStateRegistry val$registry -> b
    void onStateChanged(androidx.lifecycle.LifecycleOwner,androidx.lifecycle.Lifecycle$Event) -> d
androidx.lifecycle.LegacySavedStateHandleController$OnRecreation -> androidx.lifecycle.LegacySavedStateHandleController$a:
    void onRecreated(androidx.savedstate.SavedStateRegistryOwner) -> a
androidx.lifecycle.Lifecycle -> androidx.lifecycle.i:
    void addObserver(androidx.lifecycle.LifecycleObserver) -> a
    androidx.lifecycle.Lifecycle$State getCurrentState() -> b
    void removeObserver(androidx.lifecycle.LifecycleObserver) -> c
androidx.lifecycle.Lifecycle$1 -> androidx.lifecycle.i$a:
    int[] $SwitchMap$androidx$lifecycle$Lifecycle$Event -> b
    int[] $SwitchMap$androidx$lifecycle$Lifecycle$State -> a
androidx.lifecycle.Lifecycle$Event -> androidx.lifecycle.i$b:
    androidx.lifecycle.Lifecycle$Event downFrom(androidx.lifecycle.Lifecycle$State) -> a
    androidx.lifecycle.Lifecycle$State getTargetState() -> c
    androidx.lifecycle.Lifecycle$Event upFrom(androidx.lifecycle.Lifecycle$State) -> d
androidx.lifecycle.Lifecycle$State -> androidx.lifecycle.i$c:
    androidx.lifecycle.Lifecycle$State DESTROYED -> f
    androidx.lifecycle.Lifecycle$State RESUMED -> j
    androidx.lifecycle.Lifecycle$State STARTED -> i
    androidx.lifecycle.Lifecycle$State CREATED -> h
    androidx.lifecycle.Lifecycle$State INITIALIZED -> g
    androidx.lifecycle.Lifecycle$State[] $VALUES -> k
    boolean isAtLeast(androidx.lifecycle.Lifecycle$State) -> a
androidx.lifecycle.LifecycleDispatcher -> androidx.lifecycle.j:
    java.util.concurrent.atomic.AtomicBoolean sInitialized -> a
    void init(android.content.Context) -> a
androidx.lifecycle.LifecycleDispatcher$DispatcherActivityCallback -> androidx.lifecycle.j$a: