app/build/outputs/mapping/release/usage.txt
com.rhinodesktop.foreorder_golf_consumer1.BuildConfig
com.rhinodesktop.foreorder_golf_consumer1.MyCustomApplication
com.rhinodesktop.foreorder_golf_consumer1.R$anim
com.rhinodesktop.foreorder_golf_consumer1.R$animator
com.rhinodesktop.foreorder_golf_consumer1.R$attr
com.rhinodesktop.foreorder_golf_consumer1.R$bool
com.rhinodesktop.foreorder_golf_consumer1.R$color
com.rhinodesktop.foreorder_golf_consumer1.R$dimen
com.rhinodesktop.foreorder_golf_consumer1.R$drawable
com.rhinodesktop.foreorder_golf_consumer1.R$id
com.rhinodesktop.foreorder_golf_consumer1.R$integer
com.rhinodesktop.foreorder_golf_consumer1.R$interpolator
com.rhinodesktop.foreorder_golf_consumer1.R$layout
com.rhinodesktop.foreorder_golf_consumer1.R$mipmap
com.rhinodesktop.foreorder_golf_consumer1.R$plurals
com.rhinodesktop.foreorder_golf_consumer1.R$raw
com.rhinodesktop.foreorder_golf_consumer1.R$string
com.rhinodesktop.foreorder_golf_consumer1.R$style
com.rhinodesktop.foreorder_golf_consumer1.R$styleable
com.rhinodesktop.foreorder_golf_consumer1.R$xml
com.rhinodesktop.foreorder_golf_consumer1.R
com.rhinodesktop.foreorder_golf_consumer1.activities.CheckoutActivity$1
com.rhinodesktop.foreorder_golf_consumer1.activities.CheckoutActivity$2
com.rhinodesktop.foreorder_golf_consumer1.activities.CheckoutActivity$4
com.rhinodesktop.foreorder_golf_consumer1.activities.CheckoutActivity:
    private static final float INITIAL_ZOOM_DISTANCE
    static synthetic void access$000(com.rhinodesktop.foreorder_golf_consumer1.activities.CheckoutActivity)
    static synthetic android.widget.RelativeLayout access$100(com.rhinodesktop.foreorder_golf_consumer1.activities.CheckoutActivity)
    static synthetic com.afollestad.materialdialogs.MaterialDialog access$200(com.rhinodesktop.foreorder_golf_consumer1.activities.CheckoutActivity)
    static synthetic void access$300(com.rhinodesktop.foreorder_golf_consumer1.activities.CheckoutActivity,android.widget.RelativeLayout)
    static synthetic void access$501(com.rhinodesktop.foreorder_golf_consumer1.activities.CheckoutActivity)
    public void onOrderItemRemovedEvent(com.rhinodesktop.foreorder_golf_consumer1.events.RemoveOrderItemEvent)
    public void onPlaceOrderEvent(com.rhinodesktop.foreorder_golf_consumer1.events.PlaceOrderEvent)
    private void setBackToMenuClickListener(android.widget.RelativeLayout)
com.rhinodesktop.foreorder_golf_consumer1.activities.DrawerAppBarActivity:
    public static final java.lang.String MyPREFERENCES
    public static final java.lang.String authorization
    public void onUserImageUpdatedEvent(com.rhinodesktop.foreorder_golf_consumer1.events.UserImageUpdatedEvent)
com.rhinodesktop.foreorder_golf_consumer1.activities.LoginActivity$1
com.rhinodesktop.foreorder_golf_consumer1.activities.LoginActivity$7
com.rhinodesktop.foreorder_golf_consumer1.activities.LoginActivity:
    private static final int animDuration
    java.lang.String userId
    static synthetic android.widget.TextView access$500(com.rhinodesktop.foreorder_golf_consumer1.activities.LoginActivity)
    private void initVerifyPinView()
    public void onConfirmInfoEvent(com.rhinodesktop.foreorder_golf_consumer1.events.ConfirmInformationEvent)
    public void onDuplicatePhoneNumberEvent(com.rhinodesktop.foreorder_golf_consumer1.events.DuplicatePhoneNumberEvent)
    public void onInitPinVerificationEvent(com.rhinodesktop.foreorder_golf_consumer1.events.InitVerifyPinEvent)
    public void onLoginEvent(com.rhinodesktop.foreorder_golf_consumer1.events.LoginEvent)
    public void onPasswordResetEvent(com.rhinodesktop.foreorder_golf_consumer1.events.PasswordResetEvent)
    public void onSessionValidCheck(com.rhinoactive.foreorder_library_android.events.SessionValidCheckEvent)
    public void onValidatePinEvent(com.rhinodesktop.foreorder_golf_consumer1.events.ValidatePinEvent)
    private void openConfirmInfoView()
...
androidx.core.view.ViewCompat$Api26Impl:
    private void <init>()
androidx.core.view.ViewCompat$Api28Impl:
    private void <init>()
androidx.core.view.ViewCompat$Api29Impl:
    private void <init>()
androidx.core.view.ViewCompat$Api30Impl:
    private void <init>()
    public static androidx.core.view.WindowInsetsControllerCompat getWindowInsetsController(android.view.View)
androidx.core.view.ViewCompat$Api31Impl:
    private void <init>()
androidx.core.view.ViewCompat$FocusDirection
androidx.core.view.ViewCompat$FocusRealDirection
androidx.core.view.ViewCompat$FocusRelativeDirection
androidx.core.view.ViewCompat$NestedScrollType
androidx.core.view.ViewCompat$ScrollAxis
androidx.core.view.ViewCompat$ScrollIndicators
androidx.core.view.ViewCompat$UnhandledKeyEventManager:
    static void registerListeningView(android.view.View)
    static void unregisterListeningView(android.view.View)
androidx.core.view.ViewCompat:
    public static final int ACCESSIBILITY_LIVE_REGION_ASSERTIVE
    public static final int ACCESSIBILITY_LIVE_REGION_NONE
    public static final int ACCESSIBILITY_LIVE_REGION_POLITE
    public static final int IMPORTANT_FOR_ACCESSIBILITY_AUTO
    public static final int IMPORTANT_FOR_ACCESSIBILITY_NO
    public static final int IMPORTANT_FOR_ACCESSIBILITY_NO_HIDE_DESCENDANTS
    public static final int IMPORTANT_FOR_ACCESSIBILITY_YES
    public static final int LAYER_TYPE_HARDWARE
    public static final int LAYER_TYPE_NONE
    public static final int LAYER_TYPE_SOFTWARE
    public static final int LAYOUT_DIRECTION_INHERIT
    public static final int LAYOUT_DIRECTION_LOCALE
    public static final int LAYOUT_DIRECTION_LTR
    public static final int LAYOUT_DIRECTION_RTL
    public static final int MEASURED_HEIGHT_STATE_SHIFT
    public static final int MEASURED_SIZE_MASK
    public static final int MEASURED_STATE_MASK
    public static final int MEASURED_STATE_TOO_SMALL
    public static final int OVER_SCROLL_ALWAYS
    public static final int OVER_SCROLL_IF_CONTENT_SCROLLS
    public static final int OVER_SCROLL_NEVER
    public static final int SCROLL_AXIS_HORIZONTAL
    public static final int SCROLL_AXIS_NONE
    public static final int SCROLL_AXIS_VERTICAL
    public static final int SCROLL_INDICATOR_BOTTOM
    public static final int SCROLL_INDICATOR_END
    public static final int SCROLL_INDICATOR_LEFT
androidx.core.view.ViewConfigurationCompat$Api26Impl:
    private void <init>()
androidx.core.view.ViewConfigurationCompat$Api28Impl:
    private void <init>()
androidx.core.view.ViewConfigurationCompat:
    private static final java.lang.String TAG
    private void <init>()
    public static int getScaledPagingTouchSlop(android.view.ViewConfiguration)
    public static boolean hasPermanentMenuKey(android.view.ViewConfiguration)
androidx.core.view.ViewGroupCompat$Api18Impl
androidx.core.view.ViewGroupCompat$Api21Impl:
    private void <init>()
androidx.core.view.ViewGroupCompat:
    public static final int LAYOUT_MODE_CLIP_BOUNDS
    public static final int LAYOUT_MODE_OPTICAL_BOUNDS
    private void <init>()
    public static int getLayoutMode(android.view.ViewGroup)
    public static int getNestedScrollAxes(android.view.ViewGroup)
    public static boolean onRequestSendAccessibilityEvent(android.view.ViewGroup,android.view.View,android.view.accessibility.AccessibilityEvent)
    public static void setLayoutMode(android.view.ViewGroup,int)
    public static void setMotionEventSplittingEnabled(android.view.ViewGroup,boolean)
    public static void setTransitionGroup(android.view.ViewGroup,boolean)
androidx.core.view.ViewGroupKt$children$1
androidx.core.view.ViewGroupKt$descendants$1
androidx.core.view.ViewGroupKt$iterator$1
androidx.core.view.ViewGroupKt
androidx.core.view.ViewKt$allViews$1
androidx.core.view.ViewKt$ancestors$1
androidx.core.view.ViewKt$doOnAttach$1
androidx.core.view.ViewKt$doOnDetach$1
androidx.core.view.ViewKt$doOnLayout$$inlined$doOnNextLayout$1